yarn run v1.22.22
$ next build
Attention: Next.js now collects completely anonymous telemetry regarding usage.
This information is used to shape Next.js' roadmap and prioritize features.
You can learn more, including how to opt-out if you'd not like to participate in this anonymous program, by visiting the following URL:
https://nextjs.org/telemetry

  ▲ Next.js 14.2.28
  - Experiments (use with caution):
    · outputFileTracingRoot

   Creating an optimized production build ...
 ✓ Compiled successfully
   Skipping linting
   Checking validity of types ...

   We detected TypeScript in your project and reconfigured your tsconfig.json file for you. Strict-mode is set to false by default.
   The following suggested values were added to your tsconfig.json. These values can be changed to fit your project's needs:

   	- include was updated to add '.build/types/**/*.ts'

   Collecting page data ...
   Generating static pages (0/8) ...
   Generating static pages (2/8) 
   Generating static pages (4/8) 
   Generating static pages (6/8) 
 ✓ Generating static pages (8/8)
   Finalizing page optimization ...
   Collecting build traces ...

Route (app)                              Size     First Load JS
┌ ○ /                                    185 B           101 kB
├ ○ /_not-found                          871 B            88 kB
├ ○ /admin                               138 B          87.3 kB
├ ○ /community                           138 B          87.3 kB
├ ○ /dashboard                           176 B            96 kB
└ ○ /generate                            1.75 kB        88.9 kB
+ First Load JS shared by all            87.1 kB
  ├ chunks/275-44441b4dac631e4c.js       31.6 kB
  ├ chunks/a0b5f63a-4dc623e89932f034.js  53.6 kB
  └ other shared chunks (total)          1.89 kB


○  (Static)  prerendered as static content

Done in 22.64s.
