yarn run v1.22.22
$ next dev
  ▲ Next.js 14.2.28
  - Local:        http://localhost:3000
  - Experiments (use with caution):
    · outputFileTracingRoot

 ✓ Starting...
 ✓ Ready in 1751ms
 ○ Compiling / ...
 ✓ Compiled / in 2.4s (580 modules)
 HEAD / 200 in 2713ms
 ✓ Compiled in 585ms (287 modules)
 GET / 200 in 57ms
 GET / 200 in 46ms
 GET / 200 in 43ms
 ✓ Compiled /_not-found in 458ms (569 modules)
 GET /forge.png 404 in 585ms
 GET / 200 in 43ms
 GET /forge.png 404 in 19ms
 ○ Compiling /generate ...
 ✓ Compiled /generate in 646ms (583 modules)
 ○ Compiling /dashboard ...
 ✓ Compiled /dashboard in 653ms (608 modules)
 GET / 200 in 125ms
 GET / 200 in 124ms
 GET / 200 in 41ms
 ✓ Compiled /_not-found in 439ms (611 modules)
 GET /forge.png 404 in 535ms
 GET /forge.png 404 in 24ms
 GET /forge.png 404 in 22ms
 GET /forge.png 404 in 20ms
 ○ Compiling /admin ...
 ✓ Compiled /admin in 781ms (617 modules)
 GET / 200 in 133ms
 GET / 200 in 39ms
 GET / 200 in 46ms
 GET /forge.png 404 in 26ms
